<?xml version="1.0" encoding="UTF-8"?>
<!-- Generated by org.testng.reporters.JUnitReportReporter -->
<testsuite hostname="ASUS" name="Automation.AppTest" tests="1" failures="0" timestamp="30 Apr 2013 10:25:20 GMT" time="11.157" errors="0">
  <testcase name="Test1" time="11.157" classname="Automation.AppTest"/>
</testsuite> <!-- Automation.AppTest -->
