<?xml version="1.0" encoding="UTF-8"?>
<!-- Generated by org.testng.reporters.JUnitReportReporter -->
<testsuite hostname="ASUS" name="Testing.AppTest" tests="2" failures="0" timestamp="30 Apr 2013 12:39:06 GMT" time="10.376" errors="0">
  <testcase name="searchTest" time="10.376" classname="Testing.AppTest"/>
  <testcase name="Test1" time="0.000" classname="Testing.AppTest"/>
</testsuite> <!-- Testing.AppTest -->
